Using pre-set license
Built from '2020.3/staging' branch; Version is '2020.3.30f1 (1fb1bf06830e) revision 2077119'; Using compiler version '192528614'; Build Type 'Release'
OS: 'Windows 11  (10.0.22621) 64bit Core' Language: 'ru' Physical Memory: 15556 MB
BatchMode: 1, IsHumanControllingUs: 0, StartBugReporterOnCrash: 0, Is64bit: 1, IsPro: 0

COMMAND LINE ARGUMENTS:
D:\Unity\2020.3.30f1\Editor\Unity.exe
-adb2
-batchMode
-noUpm
-name
AssetImportWorker0
-projectPath
C:/Users/Mi/source/repos/RocketGame
-logFile
Logs/AssetImportWorker0.log
-srvPort
57392
Successfully changed project path to: C:/Users/Mi/source/repos/RocketGame
C:/Users/Mi/source/repos/RocketGame
Using Asset Import Pipeline V2.
Refreshing native plugins compatible for Editor in 41.97 ms, found 3 plugins.
Preloading 0 native plugins for Editor in 0.00 ms.
Initialize engine version: 2020.3.30f1 (1fb1bf06830e)
[Subsystems] Discovering subsystems at path D:/Unity/2020.3.30f1/Editor/Data/Resources/UnitySubsystems
[Subsystems] Discovering subsystems at path C:/Users/Mi/source/repos/RocketGame/Assets
GfxDevice: creating device client; threaded=0
Direct3D:
    Version:  Direct3D 11.0 [level 11.1]
    Renderer: AMD Radeon(TM) Graphics (ID=0x1681)
    Vendor:   
    VRAM:     7778 MB
    Driver:   31.0.12029.10015
Initialize mono
Mono path[0] = 'D:/Unity/2020.3.30f1/Editor/Data/Managed'
Mono path[1] = 'D:/Unity/2020.3.30f1/Editor/Data/MonoBleedingEdge/lib/mono/unityjit'
Mono config path = 'D:/Unity/2020.3.30f1/Editor/Data/MonoBleedingEdge/etc'
Using monoOptions --debugger-agent=transport=dt_socket,embedding=1,server=y,suspend=n,address=127.0.0.1:56388
Begin MonoManager ReloadAssembly
Registering precompiled unity dll's ...
Register platform support module: D:/Unity/2020.3.30f1/Editor/Data/PlaybackEngines/WindowsStandaloneSupport/UnityEditor.WindowsStandalone.Extensions.dll
Registered in 0.000771 seconds.
Native extension for WindowsStandalone target not found
Refreshing native plugins compatible for Editor in 37.37 ms, found 3 plugins.
Preloading 0 native plugins for Editor in 0.00 ms.
Mono: successfully reloaded assembly
- Completed reload, in  0.476 seconds
Domain Reload Profiling:
	ReloadAssembly (476ms)
		BeginReloadAssembly (63ms)
			ExecutionOrderSort (0ms)
			DisableScriptedObjects (0ms)
			BackupInstance (0ms)
			ReleaseScriptingObjects (0ms)
			CreateAndSetChildDomain (1ms)
		EndReloadAssembly (359ms)
			LoadAssemblies (62ms)
			RebuildTransferFunctionScriptingTraits (0ms)
			SetupTypeCache (124ms)
			ReleaseScriptCaches (0ms)
			RebuildScriptCaches (22ms)
			SetupLoadedEditorAssemblies (138ms)
				LogAssemblyErrors (0ms)
				InitializePlatformSupportModulesInManaged (3ms)
				SetLoadedEditorAssemblies (0ms)
				RefreshPlugins (37ms)
				BeforeProcessingInitializeOnLoad (11ms)
				ProcessInitializeOnLoadAttributes (64ms)
				ProcessInitializeOnLoadMethodAttributes (22ms)
				AfterProcessingInitializeOnLoad (0ms)
				EditorAssembliesLoaded (0ms)
			ExecutionOrderSort2 (0ms)
			AwakeInstancesAfterBackupRestoration (0ms)
Platform modules already initialized, skipping
Registering precompiled user dll's ...
Registered in 0.002508 seconds.
Begin MonoManager ReloadAssembly
Native extension for WindowsStandalone target not found
Refreshing native plugins compatible for Editor in 46.74 ms, found 3 plugins.
Preloading 0 native plugins for Editor in 0.00 ms.
Mono: successfully reloaded assembly
- Completed reload, in  1.133 seconds
Domain Reload Profiling:
	ReloadAssembly (1134ms)
		BeginReloadAssembly (119ms)
			ExecutionOrderSort (0ms)
			DisableScriptedObjects (4ms)
			BackupInstance (0ms)
			ReleaseScriptingObjects (0ms)
			CreateAndSetChildDomain (20ms)
		EndReloadAssembly (976ms)
			LoadAssemblies (91ms)
			RebuildTransferFunctionScriptingTraits (0ms)
			SetupTypeCache (336ms)
			ReleaseScriptCaches (1ms)
			RebuildScriptCaches (45ms)
			SetupLoadedEditorAssemblies (359ms)
				LogAssemblyErrors (0ms)
				InitializePlatformSupportModulesInManaged (5ms)
				SetLoadedEditorAssemblies (0ms)
				RefreshPlugins (47ms)
				BeforeProcessingInitializeOnLoad (73ms)
				ProcessInitializeOnLoadAttributes (208ms)
				ProcessInitializeOnLoadMethodAttributes (23ms)
				AfterProcessingInitializeOnLoad (3ms)
				EditorAssembliesLoaded (1ms)
			ExecutionOrderSort2 (0ms)
			AwakeInstancesAfterBackupRestoration (10ms)
Platform modules already initialized, skipping
========================================================================
Worker process is ready to serve import requests
Launched and connected shader compiler UnityShaderCompiler.exe after 0.08 seconds
Refreshing native plugins compatible for Editor in 1.16 ms, found 3 plugins.
Preloading 0 native plugins for Editor in 0.00 ms.
Unloading 2318 Unused Serialized files (Serialized files now loaded: 0)
System memory in use before: 100.1 MB.
System memory in use after: 100.3 MB.

Unloading 25 unused Assets to reduce memory usage. Loaded Objects now: 2759.
Total: 4.105700 ms (FindLiveObjects: 0.279000 ms CreateObjectMapping: 0.146100 ms MarkObjects: 3.537200 ms  DeleteObjects: 0.141900 ms)

AssetImportParameters requested are different than current active one (requested -> active):
  custom:framework-win-MediaFoundation: 216162199b28c13a410421893ffa2e32 -> 
  custom:video-decoder-ogg-theora: a1e56fd34408186e4bbccfd4996cb3dc -> 
  custom:container-muxer-webm: aa71ff27fc2769a1b78a27578f13a17b -> 
  custom:container-demuxer-webm: 4f35f7cbe854078d1ac9338744f61a02 -> 
  custom:container-demuxer-ogg: 62fdf1f143b41e24485cea50d1cbac27 -> 
  custom:video-encoder-webm-vp8: eb34c28f22e8b96e1ab97ce403110664 -> 
  custom:video-decoder-webm-vp8: 9c59270c3fd7afecdb556c50c9e8de78 -> 
  custom:audio-decoder-ogg-vorbis: bf7c407c2cedff20999df2af8eb42d56 -> 
  custom:audio-encoder-webm-vorbis: bf7c407c2cedff20999df2af8eb42d56 -> 
========================================================================
Received Import Request.
  path: Assets/Scripts/Player/CommonPlayerController.cs
  artifactKey: Guid(f5b631dba26c4c441aadb49a95039e2b) Importer(815301076,1909f56bfc062723c751e8b465ee728b)
Start importing Assets/Scripts/Player/CommonPlayerController.cs using Guid(f5b631dba26c4c441aadb49a95039e2b) Importer(815301076,1909f56bfc062723c751e8b465ee728b)  -> (artifact id: '646f3f4eac6223ebe4848283dcd85eb1') in 0.044991 seconds 
========================================================================
Received Import Request.
  Time since last request: 13.784599 seconds.
  path: Assets/Scripts/Player/PlayerAnimationComponent.cs
  artifactKey: Guid(088cc6291ab544fe957b414058ecb5c7) Importer(815301076,1909f56bfc062723c751e8b465ee728b)
Start importing Assets/Scripts/Player/PlayerAnimationComponent.cs using Guid(088cc6291ab544fe957b414058ecb5c7) Importer(815301076,1909f56bfc062723c751e8b465ee728b)  -> (artifact id: '36ac95f221a1a812ff008477b409e5e4') in 0.011723 seconds 
========================================================================
Received Import Request.
  Time since last request: 0.532959 seconds.
  path: Assets/Scripts/Player/PlayerAnimationRunSystem.cs
  artifactKey: Guid(62193377af5841968a86599dee457a6f) Importer(815301076,1909f56bfc062723c751e8b465ee728b)
Start importing Assets/Scripts/Player/PlayerAnimationRunSystem.cs using Guid(62193377af5841968a86599dee457a6f) Importer(815301076,1909f56bfc062723c751e8b465ee728b)  -> (artifact id: '85ccbbf6564cf1072a94a8091c2724c3') in 0.010890 seconds 
========================================================================
Received Import Request.
  Time since last request: 2.246250 seconds.
  path: Assets/Scripts/Player/PlayerInitSystem.cs
  artifactKey: Guid(8b6094b4a48f4c909825e945987b900d) Importer(815301076,1909f56bfc062723c751e8b465ee728b)
Start importing Assets/Scripts/Player/PlayerInitSystem.cs using Guid(8b6094b4a48f4c909825e945987b900d) Importer(815301076,1909f56bfc062723c751e8b465ee728b)  -> (artifact id: 'f31c0303ed078fc5bf30189efeedc21d') in 0.015336 seconds 
========================================================================
Received Import Request.
  Time since last request: 1.349571 seconds.
  path: Assets/Scripts/Player/PlayerLogic.cs
  artifactKey: Guid(f414f29bf5ab53f428e1b5251507d065) Importer(815301076,1909f56bfc062723c751e8b465ee728b)
Start importing Assets/Scripts/Player/PlayerLogic.cs using Guid(f414f29bf5ab53f428e1b5251507d065) Importer(815301076,1909f56bfc062723c751e8b465ee728b)  -> (artifact id: '3fc4105a5ca1dde34107d5ab7ffe5326') in 0.009928 seconds 
========================================================================
Received Import Request.
  Time since last request: 0.562664 seconds.
  path: Assets/Scripts/Player/PlayerMovementComponent.cs
  artifactKey: Guid(640e2dea87834849bd887a59f70fad5a) Importer(815301076,1909f56bfc062723c751e8b465ee728b)
Start importing Assets/Scripts/Player/PlayerMovementComponent.cs using Guid(640e2dea87834849bd887a59f70fad5a) Importer(815301076,1909f56bfc062723c751e8b465ee728b)  -> (artifact id: '23a9bf55953ea2b3efe4b0ed814138be') in 0.013575 seconds 
========================================================================
Received Import Request.
  Time since last request: 1.089109 seconds.
  path: Assets/Scripts/Player/PlayerMovementRunSystem.cs
  artifactKey: Guid(74a5eac38ab44cfab4454c7f39cb5104) Importer(815301076,1909f56bfc062723c751e8b465ee728b)
Start importing Assets/Scripts/Player/PlayerMovementRunSystem.cs using Guid(74a5eac38ab44cfab4454c7f39cb5104) Importer(815301076,1909f56bfc062723c751e8b465ee728b)  -> (artifact id: 'dbd885b123f903413060e8543526dfda') in 0.011703 seconds 
========================================================================
Received Import Request.
  Time since last request: 1.616032 seconds.
  path: Assets/Scripts/Player/PlayersList.cs
  artifactKey: Guid(21fe158c8d326294ea4f2b02818e807b) Importer(815301076,1909f56bfc062723c751e8b465ee728b)
Start importing Assets/Scripts/Player/PlayersList.cs using Guid(21fe158c8d326294ea4f2b02818e807b) Importer(815301076,1909f56bfc062723c751e8b465ee728b)  -> (artifact id: '99a7029e06f136e6f58b3f1ff3cbc679') in 0.008986 seconds 
========================================================================
Received Import Request.
  Time since last request: 0.952983 seconds.
  path: Assets/Scripts/Player/PlayerViewer.cs
  artifactKey: Guid(e48d4d48cd4a4ae4a850a576827ad91d) Importer(815301076,1909f56bfc062723c751e8b465ee728b)
Start importing Assets/Scripts/Player/PlayerViewer.cs using Guid(e48d4d48cd4a4ae4a850a576827ad91d) Importer(815301076,1909f56bfc062723c751e8b465ee728b)  -> (artifact id: 'e334a568247dabb3227f846753640719') in 0.007060 seconds 
========================================================================
Received Import Request.
  Time since last request: 2.434701 seconds.
  path: Assets/Scripts/Player/Repaler.cs
  artifactKey: Guid(972acce31811d6f45b45975fca97f645) Importer(815301076,1909f56bfc062723c751e8b465ee728b)
Start importing Assets/Scripts/Player/Repaler.cs using Guid(972acce31811d6f45b45975fca97f645) Importer(815301076,1909f56bfc062723c751e8b465ee728b)  -> (artifact id: '6739acf56dd3d7622269965c74392749') in 0.012252 seconds 
========================================================================
Received Import Request.
  Time since last request: 0.759192 seconds.
  path: Assets/Scripts/Player/RocketPartice.cs
  artifactKey: Guid(b40580dcb2c5f554b998e3f017e948e5) Importer(815301076,1909f56bfc062723c751e8b465ee728b)
Start importing Assets/Scripts/Player/RocketPartice.cs using Guid(b40580dcb2c5f554b998e3f017e948e5) Importer(815301076,1909f56bfc062723c751e8b465ee728b)  -> (artifact id: 'd136f6aa20e6768251a27d932c2688d8') in 0.009507 seconds 
========================================================================
Received Import Request.
  Time since last request: 27.063454 seconds.
  path: Assets/Scripts/Player/RocketPartice.cs
  artifactKey: Guid(b40580dcb2c5f554b998e3f017e948e5) Importer(815301076,1909f56bfc062723c751e8b465ee728b)
Start importing Assets/Scripts/Player/RocketPartice.cs using Guid(b40580dcb2c5f554b998e3f017e948e5) Importer(815301076,1909f56bfc062723c751e8b465ee728b)  -> (artifact id: 'e2b78c8d2679aeaa79e4aca942af4444') in 0.002171 seconds 
========================================================================
Received Import Request.
  Time since last request: 7.082850 seconds.
  path: Assets/Scripts/Player/RocketPartice.cs
  artifactKey: Guid(b40580dcb2c5f554b998e3f017e948e5) Importer(815301076,1909f56bfc062723c751e8b465ee728b)
Start importing Assets/Scripts/Player/RocketPartice.cs using Guid(b40580dcb2c5f554b998e3f017e948e5) Importer(815301076,1909f56bfc062723c751e8b465ee728b)  -> (artifact id: 'ecc027c691f969aae7275c5eb04109f8') in 0.003161 seconds 
========================================================================
Received Prepare
Registering precompiled user dll's ...
Registered in 0.002368 seconds.
Begin MonoManager ReloadAssembly
Native extension for WindowsStandalone target not found
Refreshing native plugins compatible for Editor in 1.19 ms, found 3 plugins.
Preloading 0 native plugins for Editor in 0.00 ms.
Mono: successfully reloaded assembly
- Completed reload, in  0.705 seconds
Domain Reload Profiling:
	ReloadAssembly (706ms)
		BeginReloadAssembly (94ms)
			ExecutionOrderSort (0ms)
			DisableScriptedObjects (4ms)
			BackupInstance (0ms)
			ReleaseScriptingObjects (0ms)
			CreateAndSetChildDomain (35ms)
		EndReloadAssembly (575ms)
			LoadAssemblies (62ms)
			RebuildTransferFunctionScriptingTraits (0ms)
			SetupTypeCache (201ms)
			ReleaseScriptCaches (1ms)
			RebuildScriptCaches (30ms)
			SetupLoadedEditorAssemblies (214ms)
				LogAssemblyErrors (0ms)
				InitializePlatformSupportModulesInManaged (3ms)
				SetLoadedEditorAssemblies (0ms)
				RefreshPlugins (1ms)
				BeforeProcessingInitializeOnLoad (67ms)
				ProcessInitializeOnLoadAttributes (132ms)
				ProcessInitializeOnLoadMethodAttributes (8ms)
				AfterProcessingInitializeOnLoad (1ms)
				EditorAssembliesLoaded (0ms)
			ExecutionOrderSort2 (0ms)
			AwakeInstancesAfterBackupRestoration (6ms)
Platform modules already initialized, skipping
Refreshing native plugins compatible for Editor in 0.95 ms, found 3 plugins.
Preloading 0 native plugins for Editor in 0.00 ms.
Unloading 2308 Unused Serialized files (Serialized files now loaded: 0)
System memory in use before: 99.6 MB.
System memory in use after: 99.9 MB.

Unloading 14 unused Assets to reduce memory usage. Loaded Objects now: 2761.
Total: 3.245200 ms (FindLiveObjects: 0.234000 ms CreateObjectMapping: 0.090200 ms MarkObjects: 2.897700 ms  DeleteObjects: 0.022100 ms)

AssetImportParameters requested are different than current active one (requested -> active):
  custom:framework-win-MediaFoundation: 216162199b28c13a410421893ffa2e32 -> 
  custom:video-decoder-ogg-theora: a1e56fd34408186e4bbccfd4996cb3dc -> 
  custom:container-muxer-webm: aa71ff27fc2769a1b78a27578f13a17b -> 
  custom:container-demuxer-webm: 4f35f7cbe854078d1ac9338744f61a02 -> 
  custom:container-demuxer-ogg: 62fdf1f143b41e24485cea50d1cbac27 -> 
  custom:video-encoder-webm-vp8: eb34c28f22e8b96e1ab97ce403110664 -> 
  custom:video-decoder-webm-vp8: 9c59270c3fd7afecdb556c50c9e8de78 -> 
  custom:audio-decoder-ogg-vorbis: bf7c407c2cedff20999df2af8eb42d56 -> 
  custom:audio-encoder-webm-vorbis: bf7c407c2cedff20999df2af8eb42d56 -> 
========================================================================
Received Import Request.
  Time since last request: 28.827376 seconds.
  path: Assets/Scripts/Player/Player.cs
  artifactKey: Guid(8fa9c842c29d63e4d94c15e9dde1a089) Importer(815301076,1909f56bfc062723c751e8b465ee728b)
Start importing Assets/Scripts/Player/Player.cs using Guid(8fa9c842c29d63e4d94c15e9dde1a089) Importer(815301076,1909f56bfc062723c751e8b465ee728b)  -> (artifact id: '48b436e1bb0c22b436e721b58ef86d6a') in 0.013353 seconds 
========================================================================
Received Import Request.
  Time since last request: 6.104831 seconds.
  path: Assets/Scripts/Player/Spaceship
  artifactKey: Guid(0212c17fd5405f84382bdfc12b1de59d) Importer(815301076,1909f56bfc062723c751e8b465ee728b)
Start importing Assets/Scripts/Player/Spaceship using Guid(0212c17fd5405f84382bdfc12b1de59d) Importer(815301076,1909f56bfc062723c751e8b465ee728b)  -> (artifact id: 'ac18208e099a6c45b699439a2520bca3') in 0.009482 seconds 
========================================================================
Received Import Request.
  Time since last request: 0.905726 seconds.
  path: Assets/Scripts/Player/Spaceship/TurnEngine.cs
  artifactKey: Guid(d76331adba815114fb30056f7957b15d) Importer(815301076,1909f56bfc062723c751e8b465ee728b)
Start importing Assets/Scripts/Player/Spaceship/TurnEngine.cs using Guid(d76331adba815114fb30056f7957b15d) Importer(815301076,1909f56bfc062723c751e8b465ee728b)  -> (artifact id: '4e873e4652d3ecadb8bcc3419dd60f35') in 0.009131 seconds 
========================================================================
Received Import Request.
  Time since last request: 1.524301 seconds.
  path: Assets/Scripts/Player/Spaceship/TurboEngine.cs
  artifactKey: Guid(0f5ab29d2178f1246a13f8bd6196f9de) Importer(815301076,1909f56bfc062723c751e8b465ee728b)
Start importing Assets/Scripts/Player/Spaceship/TurboEngine.cs using Guid(0f5ab29d2178f1246a13f8bd6196f9de) Importer(815301076,1909f56bfc062723c751e8b465ee728b)  -> (artifact id: 'b0728481e349e5f87027d66b0d99a281') in 0.008868 seconds 
========================================================================
Received Import Request.
  Time since last request: 1.544881 seconds.
  path: Assets/Scripts/Player/Spaceship/BaseEngine.cs
  artifactKey: Guid(38b410c8caf4af941be1c632538dcc6c) Importer(815301076,1909f56bfc062723c751e8b465ee728b)
Start importing Assets/Scripts/Player/Spaceship/BaseEngine.cs using Guid(38b410c8caf4af941be1c632538dcc6c) Importer(815301076,1909f56bfc062723c751e8b465ee728b)  -> (artifact id: 'a17bd0360c1c75441d073ba8416ccc38') in 0.010141 seconds 
========================================================================
Received Import Request.
  Time since last request: 4.858044 seconds.
  path: Assets/Scripts/Camera
  artifactKey: Guid(54715bb5bac9f674f96756f16eb74f85) Importer(815301076,1909f56bfc062723c751e8b465ee728b)
Start importing Assets/Scripts/Camera using Guid(54715bb5bac9f674f96756f16eb74f85) Importer(815301076,1909f56bfc062723c751e8b465ee728b)  -> (artifact id: '4e648a689de60d1f9a486335c8579cf7') in 0.008183 seconds 
========================================================================
Received Import Request.
  Time since last request: 0.615727 seconds.
  path: Assets/Scripts/Camera/CameraMover.cs
  artifactKey: Guid(486cdd3fe9dde094f9105b9da8c8b4bc) Importer(815301076,1909f56bfc062723c751e8b465ee728b)
Start importing Assets/Scripts/Camera/CameraMover.cs using Guid(486cdd3fe9dde094f9105b9da8c8b4bc) Importer(815301076,1909f56bfc062723c751e8b465ee728b)  -> (artifact id: '56b0743479e28ca390f5cbfab53cc5fb') in 0.009008 seconds 
========================================================================
Received Import Request.
  Time since last request: 4.298544 seconds.
  path: Assets/Scripts/Components/UI
  artifactKey: Guid(539b1e23a853544fa8d0325904c2bc28) Importer(815301076,1909f56bfc062723c751e8b465ee728b)
Start importing Assets/Scripts/Components/UI using Guid(539b1e23a853544fa8d0325904c2bc28) Importer(815301076,1909f56bfc062723c751e8b465ee728b)  -> (artifact id: '30108022968f0dded040c4085e3f46d5') in 0.008346 seconds 
========================================================================
Received Import Request.
  Time since last request: 1.236420 seconds.
  path: Assets/Scripts/Components/UI/CanvasUIInitData.cs
  artifactKey: Guid(33e55c5131324a099ccb03af47037c01) Importer(815301076,1909f56bfc062723c751e8b465ee728b)
Start importing Assets/Scripts/Components/UI/CanvasUIInitData.cs using Guid(33e55c5131324a099ccb03af47037c01) Importer(815301076,1909f56bfc062723c751e8b465ee728b)  -> (artifact id: 'feaaa6d8f216197036749a83b33aae72') in 0.008625 seconds 
========================================================================
Received Import Request.
  Time since last request: 0.896036 seconds.
  path: Assets/Scripts/Components/UI/CanvasUIInitSystem.cs
  artifactKey: Guid(04817317c9a94ac3a7227b157cd22eb2) Importer(815301076,1909f56bfc062723c751e8b465ee728b)
Start importing Assets/Scripts/Components/UI/CanvasUIInitSystem.cs using Guid(04817317c9a94ac3a7227b157cd22eb2) Importer(815301076,1909f56bfc062723c751e8b465ee728b)  -> (artifact id: '294b68ec6f76c9d9d54730926b38fad2') in 0.011298 seconds 
========================================================================
Received Import Request.
  Time since last request: 1.904202 seconds.
  path: Assets/Scripts/Components/UI/JoystickUIInitData.cs
  artifactKey: Guid(69a584a38f1f47ec9fbcf62ede36d75d) Importer(815301076,1909f56bfc062723c751e8b465ee728b)
Start importing Assets/Scripts/Components/UI/JoystickUIInitData.cs using Guid(69a584a38f1f47ec9fbcf62ede36d75d) Importer(815301076,1909f56bfc062723c751e8b465ee728b)  -> (artifact id: '91557bec2c26c9a67d4249ab8b397274') in 0.010069 seconds 
========================================================================
Received Import Request.
  Time since last request: 1.212543 seconds.
  path: Assets/Scripts/Components/UI/JoystickUIInitSystem.cs
  artifactKey: Guid(8ea14bc37da746dabb712e3ca67b52e4) Importer(815301076,1909f56bfc062723c751e8b465ee728b)
Start importing Assets/Scripts/Components/UI/JoystickUIInitSystem.cs using Guid(8ea14bc37da746dabb712e3ca67b52e4) Importer(815301076,1909f56bfc062723c751e8b465ee728b)  -> (artifact id: 'bdf7dc5444efa49f765ffd8fc591c027') in 0.010064 seconds 
========================================================================
Received Import Request.
  Time since last request: 2.716668 seconds.
  path: Assets/Scripts/Components/UI/JoystickUIRef.cs
  artifactKey: Guid(5d11946751764f2a9322fb2caaecab12) Importer(815301076,1909f56bfc062723c751e8b465ee728b)
Start importing Assets/Scripts/Components/UI/JoystickUIRef.cs using Guid(5d11946751764f2a9322fb2caaecab12) Importer(815301076,1909f56bfc062723c751e8b465ee728b)  -> (artifact id: '6db23bea5d466eb642bb70aa6deb49a1') in 0.008997 seconds 
========================================================================
Received Import Request.
  Time since last request: 1.599112 seconds.
  path: Assets/Scripts/Components/UI/JoystickUIRunSystem.cs
  artifactKey: Guid(668e57ddfed348dd952e919e26e05782) Importer(815301076,1909f56bfc062723c751e8b465ee728b)
Start importing Assets/Scripts/Components/UI/JoystickUIRunSystem.cs using Guid(668e57ddfed348dd952e919e26e05782) Importer(815301076,1909f56bfc062723c751e8b465ee728b)  -> (artifact id: '70d52e400cf2360b4501f5bd5e76fb8c') in 0.010252 seconds 
========================================================================
Received Import Request.
  Time since last request: 2.554113 seconds.
  path: Assets/Scripts/Components/UI/PlayerInitData.cs
  artifactKey: Guid(00470f82dcb247d4967998750fa8c21c) Importer(815301076,1909f56bfc062723c751e8b465ee728b)
Start importing Assets/Scripts/Components/UI/PlayerInitData.cs using Guid(00470f82dcb247d4967998750fa8c21c) Importer(815301076,1909f56bfc062723c751e8b465ee728b)  -> (artifact id: '99fb18d50ae15c7af0fe5e2e4cdf703e') in 0.008975 seconds 
========================================================================
Received Import Request.
  Time since last request: 1.410230 seconds.
  path: Assets/Scripts/Components/UI/Joystick
  artifactKey: Guid(f6a2308bd19a44101898ad081d0048cf) Importer(815301076,1909f56bfc062723c751e8b465ee728b)
Start importing Assets/Scripts/Components/UI/Joystick using Guid(f6a2308bd19a44101898ad081d0048cf) Importer(815301076,1909f56bfc062723c751e8b465ee728b)  -> (artifact id: '76699de85211795192f8a68af2d68187') in 0.010646 seconds 
========================================================================
Received Import Request.
  Time since last request: 0.638108 seconds.
  path: Assets/Scripts/Components/UI/Joystick/JoystickUIComponent.cs
  artifactKey: Guid(c20ad69d5a0f48c2a2ab9e1080995c1a) Importer(815301076,1909f56bfc062723c751e8b465ee728b)
Start importing Assets/Scripts/Components/UI/Joystick/JoystickUIComponent.cs using Guid(c20ad69d5a0f48c2a2ab9e1080995c1a) Importer(815301076,1909f56bfc062723c751e8b465ee728b)  -> (artifact id: 'f0e3d91cff269df13beb17641f4c2856') in 0.009664 seconds 
========================================================================
Received Import Request.
  Time since last request: 2.162189 seconds.
  path: Assets/Scripts/Components/UI/Canvas
  artifactKey: Guid(d0bcc3e7137a4b158d891ea4b093b294) Importer(815301076,1909f56bfc062723c751e8b465ee728b)
Start importing Assets/Scripts/Components/UI/Canvas using Guid(d0bcc3e7137a4b158d891ea4b093b294) Importer(815301076,1909f56bfc062723c751e8b465ee728b)  -> (artifact id: '162baa5e5f30442cd25899b76f58aa93') in 0.008040 seconds 
========================================================================
Received Import Request.
  Time since last request: 0.716850 seconds.
  path: Assets/Scripts/Components/UI/Canvas/CanvasUIComponent.cs
  artifactKey: Guid(09a5a6b0e41e4cf7b58835cfc298e598) Importer(815301076,1909f56bfc062723c751e8b465ee728b)
Start importing Assets/Scripts/Components/UI/Canvas/CanvasUIComponent.cs using Guid(09a5a6b0e41e4cf7b58835cfc298e598) Importer(815301076,1909f56bfc062723c751e8b465ee728b)  -> (artifact id: '6ee75c9a775edecec808a4d89d5f5fb8') in 0.013056 seconds 
========================================================================
Received Import Request.
  Time since last request: 3.190891 seconds.
  path: Assets/Scripts/Editor
  artifactKey: Guid(3c4de3854d9b4c64a94c872be467e894) Importer(815301076,1909f56bfc062723c751e8b465ee728b)
Start importing Assets/Scripts/Editor using Guid(3c4de3854d9b4c64a94c872be467e894) Importer(815301076,1909f56bfc062723c751e8b465ee728b)  -> (artifact id: '49765f2c5dd572151a517c19ccf4cc89') in 0.009518 seconds 
========================================================================
Received Import Request.
  Time since last request: 0.698911 seconds.
  path: Assets/Scripts/Editor/CreatorBarrelsEditor.cs
  artifactKey: Guid(fabc06c2bbbe0854f88ff1a6f5f86dd8) Importer(815301076,1909f56bfc062723c751e8b465ee728b)
Start importing Assets/Scripts/Editor/CreatorBarrelsEditor.cs using Guid(fabc06c2bbbe0854f88ff1a6f5f86dd8) Importer(815301076,1909f56bfc062723c751e8b465ee728b)  -> (artifact id: 'e0a44e45a03768ce74dd2b1f1463ba8b') in 0.009267 seconds 
========================================================================
Received Import Request.
  Time since last request: 4.653822 seconds.
  path: Assets/Scripts/Learning
  artifactKey: Guid(ffa642181939d3f45b84140a8309848a) Importer(815301076,1909f56bfc062723c751e8b465ee728b)
Start importing Assets/Scripts/Learning using Guid(ffa642181939d3f45b84140a8309848a) Importer(815301076,1909f56bfc062723c751e8b465ee728b)  -> (artifact id: 'b5c698f963d8ade880e805ef2e6c3ae6') in 0.010457 seconds 
========================================================================
Received Import Request.
  Time since last request: 0.880627 seconds.
  path: Assets/Scripts/Learning/Learning.cs
  artifactKey: Guid(f8e92d8ddfc6925458b8f0f7c004bf50) Importer(815301076,1909f56bfc062723c751e8b465ee728b)
Start importing Assets/Scripts/Learning/Learning.cs using Guid(f8e92d8ddfc6925458b8f0f7c004bf50) Importer(815301076,1909f56bfc062723c751e8b465ee728b)  -> (artifact id: '572a9526c676914c412809894747b2a4') in 0.002863 seconds 
========================================================================
Received Import Request.
  Time since last request: 3.109695 seconds.
  path: Assets/Scripts/Level
  artifactKey: Guid(aa69e9db3814d0f43a53670ffbc5d9b3) Importer(815301076,1909f56bfc062723c751e8b465ee728b)
Start importing Assets/Scripts/Level using Guid(aa69e9db3814d0f43a53670ffbc5d9b3) Importer(815301076,1909f56bfc062723c751e8b465ee728b)  -> (artifact id: 'd7c3c8050b2b3e8a51dd374a2e377b6b') in 0.009660 seconds 
========================================================================
Received Import Request.
  Time since last request: 0.771312 seconds.
  path: Assets/Scripts/Level/GlobalLevelController.cs
  artifactKey: Guid(14a3c9ee82253b54e942940fe8ea51d3) Importer(815301076,1909f56bfc062723c751e8b465ee728b)
Start importing Assets/Scripts/Level/GlobalLevelController.cs using Guid(14a3c9ee82253b54e942940fe8ea51d3) Importer(815301076,1909f56bfc062723c751e8b465ee728b)  -> (artifact id: 'a153a9e9d7a590351a737eab7b34cdf2') in 0.007857 seconds 
========================================================================
Received Import Request.
  Time since last request: 2.749424 seconds.
  path: Assets/Scripts/Level/LevelController.cs
  artifactKey: Guid(ea0d98914fb0be84898a8df16d1c9a9a) Importer(815301076,1909f56bfc062723c751e8b465ee728b)
Start importing Assets/Scripts/Level/LevelController.cs using Guid(ea0d98914fb0be84898a8df16d1c9a9a) Importer(815301076,1909f56bfc062723c751e8b465ee728b)  -> (artifact id: 'c63e6f0da14c5b4bc4ad3fc1ecb8bf6a') in 0.009611 seconds 
========================================================================
Received Import Request.
  Time since last request: 2.567477 seconds.
  path: Assets/Scripts/Level/LevelModel.cs
  artifactKey: Guid(95c032d246e2b7f4e9c682df73547ab7) Importer(815301076,1909f56bfc062723c751e8b465ee728b)
Start importing Assets/Scripts/Level/LevelModel.cs using Guid(95c032d246e2b7f4e9c682df73547ab7) Importer(815301076,1909f56bfc062723c751e8b465ee728b)  -> (artifact id: 'e63b1d28ffa6fe7111a8b482d3eb45a5') in 0.010127 seconds 
========================================================================
Received Import Request.
  Time since last request: 1.250259 seconds.
  path: Assets/Scripts/Level/LevelTimer.cs
  artifactKey: Guid(baeac42f0b418884894579565c1a2c97) Importer(815301076,1909f56bfc062723c751e8b465ee728b)
Start importing Assets/Scripts/Level/LevelTimer.cs using Guid(baeac42f0b418884894579565c1a2c97) Importer(815301076,1909f56bfc062723c751e8b465ee728b)  -> (artifact id: 'e2d10e22094e5c33891e3f3c89c619b4') in 0.007550 seconds 
========================================================================
Received Import Request.
  Time since last request: 2.199910 seconds.
  path: Assets/Scripts/Level/LevelView.cs
  artifactKey: Guid(0156aa9a1aa79d34fa2620c5ddfe8d27) Importer(815301076,1909f56bfc062723c751e8b465ee728b)
Start importing Assets/Scripts/Level/LevelView.cs using Guid(0156aa9a1aa79d34fa2620c5ddfe8d27) Importer(815301076,1909f56bfc062723c751e8b465ee728b)  -> (artifact id: 'e298f3910670061110ba244c9fe8b5d5') in 0.011154 seconds 
========================================================================
Received Import Request.
  Time since last request: 1.439846 seconds.
  path: Assets/Scripts/Level/SceneField.cs
  artifactKey: Guid(ffd3d6ed0b587f141a2bd75fe3debf38) Importer(815301076,1909f56bfc062723c751e8b465ee728b)
Start importing Assets/Scripts/Level/SceneField.cs using Guid(ffd3d6ed0b587f141a2bd75fe3debf38) Importer(815301076,1909f56bfc062723c751e8b465ee728b)  -> (artifact id: '97ecf9ec6515a1b6af4773656f81f6f0') in 0.011426 seconds 
========================================================================
Received Import Request.
  Time since last request: 29.594973 seconds.
  path: Assets/Scripts/Level/SceneField.cs
  artifactKey: Guid(ffd3d6ed0b587f141a2bd75fe3debf38) Importer(815301076,1909f56bfc062723c751e8b465ee728b)
Start importing Assets/Scripts/Level/SceneField.cs using Guid(ffd3d6ed0b587f141a2bd75fe3debf38) Importer(815301076,1909f56bfc062723c751e8b465ee728b)  -> (artifact id: 'f9c2ddb3a623e969a30b89a2903a3cf2') in 0.002087 seconds 
========================================================================
Received Prepare
Registering precompiled user dll's ...
Registered in 0.071508 seconds.
Begin MonoManager ReloadAssembly
Native extension for WindowsStandalone target not found
Refreshing native plugins compatible for Editor in 0.63 ms, found 3 plugins.
Preloading 0 native plugins for Editor in 0.00 ms.
Mono: successfully reloaded assembly
- Completed reload, in  0.697 seconds
Domain Reload Profiling:
	ReloadAssembly (697ms)
		BeginReloadAssembly (95ms)
			ExecutionOrderSort (0ms)
			DisableScriptedObjects (4ms)
			BackupInstance (0ms)
			ReleaseScriptingObjects (0ms)
			CreateAndSetChildDomain (41ms)
		EndReloadAssembly (562ms)
			LoadAssemblies (63ms)
			RebuildTransferFunctionScriptingTraits (0ms)
			SetupTypeCache (186ms)
			ReleaseScriptCaches (1ms)
			RebuildScriptCaches (33ms)
			SetupLoadedEditorAssemblies (216ms)
				LogAssemblyErrors (0ms)
				InitializePlatformSupportModulesInManaged (3ms)
				SetLoadedEditorAssemblies (0ms)
				RefreshPlugins (1ms)
				BeforeProcessingInitializeOnLoad (60ms)
				ProcessInitializeOnLoadAttributes (142ms)
				ProcessInitializeOnLoadMethodAttributes (9ms)
				AfterProcessingInitializeOnLoad (1ms)
				EditorAssembliesLoaded (0ms)
			ExecutionOrderSort2 (0ms)
			AwakeInstancesAfterBackupRestoration (7ms)
Platform modules already initialized, skipping
Refreshing native plugins compatible for Editor in 0.67 ms, found 3 plugins.
Preloading 0 native plugins for Editor in 0.00 ms.
Unloading 2308 Unused Serialized files (Serialized files now loaded: 0)
System memory in use before: 99.7 MB.
System memory in use after: 99.9 MB.

Unloading 14 unused Assets to reduce memory usage. Loaded Objects now: 2763.
Total: 3.319100 ms (FindLiveObjects: 0.219600 ms CreateObjectMapping: 0.090000 ms MarkObjects: 2.986300 ms  DeleteObjects: 0.022300 ms)

AssetImportParameters requested are different than current active one (requested -> active):
  custom:framework-win-MediaFoundation: 216162199b28c13a410421893ffa2e32 -> 
  custom:video-decoder-ogg-theora: a1e56fd34408186e4bbccfd4996cb3dc -> 
  custom:container-muxer-webm: aa71ff27fc2769a1b78a27578f13a17b -> 
  custom:container-demuxer-webm: 4f35f7cbe854078d1ac9338744f61a02 -> 
  custom:container-demuxer-ogg: 62fdf1f143b41e24485cea50d1cbac27 -> 
  custom:video-encoder-webm-vp8: eb34c28f22e8b96e1ab97ce403110664 -> 
  custom:video-decoder-webm-vp8: 9c59270c3fd7afecdb556c50c9e8de78 -> 
  custom:audio-decoder-ogg-vorbis: bf7c407c2cedff20999df2af8eb42d56 -> 
  custom:audio-encoder-webm-vorbis: bf7c407c2cedff20999df2af8eb42d56 -> 
========================================================================
Received Import Request.
  Time since last request: 28.192058 seconds.
  path: Assets/Scripts/Menu/OneSound.cs
  artifactKey: Guid(a995ee242370c314d9ef68c918f8d957) Importer(815301076,1909f56bfc062723c751e8b465ee728b)
Start importing Assets/Scripts/Menu/OneSound.cs using Guid(a995ee242370c314d9ef68c918f8d957) Importer(815301076,1909f56bfc062723c751e8b465ee728b)  -> (artifact id: 'a6d86d94a71c4447b3267608715fcccd') in 0.009505 seconds 
========================================================================
Received Import Request.
  Time since last request: 0.000225 seconds.
  path: Assets/Scripts/Menu
  artifactKey: Guid(0736381bd06fb284e865de56ff1100d1) Importer(815301076,1909f56bfc062723c751e8b465ee728b)
Start importing Assets/Scripts/Menu using Guid(0736381bd06fb284e865de56ff1100d1) Importer(815301076,1909f56bfc062723c751e8b465ee728b)  -> (artifact id: 'b6b3637e2ead5d45c72b1327ae545e3f') in 0.009461 seconds 
========================================================================
Received Import Request.
  Time since last request: 0.000248 seconds.
  path: Assets/Scripts/Menu/InformationAboutLevels.cs
  artifactKey: Guid(b1139d97cac5a6b48955b5b4f8b2775c) Importer(815301076,1909f56bfc062723c751e8b465ee728b)
Start importing Assets/Scripts/Menu/InformationAboutLevels.cs using Guid(b1139d97cac5a6b48955b5b4f8b2775c) Importer(815301076,1909f56bfc062723c751e8b465ee728b)  -> (artifact id: '7a6ed4ad19fa743d1b896bb401c122f3') in 0.007839 seconds 
========================================================================
Received Import Request.
  Time since last request: 0.000209 seconds.
  path: Assets/Scripts/Menu/LevelsView.cs
  artifactKey: Guid(0241fb5aeedc19a478083071bb3356b4) Importer(815301076,1909f56bfc062723c751e8b465ee728b)
Start importing Assets/Scripts/Menu/LevelsView.cs using Guid(0241fb5aeedc19a478083071bb3356b4) Importer(815301076,1909f56bfc062723c751e8b465ee728b)  -> (artifact id: '273fcd882105e07fa0d2ec15e68f75e2') in 0.006910 seconds 
========================================================================
Received Import Request.
  Time since last request: 0.000396 seconds.
  path: Assets/Scripts/Menu/Menu.cs
  artifactKey: Guid(06bf57b56f7001f48baf73252d90169c) Importer(815301076,1909f56bfc062723c751e8b465ee728b)
Start importing Assets/Scripts/Menu/Menu.cs using Guid(06bf57b56f7001f48baf73252d90169c) Importer(815301076,1909f56bfc062723c751e8b465ee728b)  -> (artifact id: 'e423979cddaeb060ded56385695eb2f0') in 0.001953 seconds 
========================================================================
Received Import Request.
  Time since last request: 1.175614 seconds.
  path: Assets/Scripts/Menu/PauseMenu.cs
  artifactKey: Guid(38f5802d7f5d6db4bbfd45f9955cbd96) Importer(815301076,1909f56bfc062723c751e8b465ee728b)
Start importing Assets/Scripts/Menu/PauseMenu.cs using Guid(38f5802d7f5d6db4bbfd45f9955cbd96) Importer(815301076,1909f56bfc062723c751e8b465ee728b)  -> (artifact id: '54535a0e52640364dfee30dc3ed7d309') in 0.008208 seconds 
========================================================================
Received Import Request.
  Time since last request: 1.696515 seconds.
  path: Assets/Scripts/Menu/SoundManager.cs
  artifactKey: Guid(5cc2ba13426d3d142a0391921397c582) Importer(815301076,1909f56bfc062723c751e8b465ee728b)
Start importing Assets/Scripts/Menu/SoundManager.cs using Guid(5cc2ba13426d3d142a0391921397c582) Importer(815301076,1909f56bfc062723c751e8b465ee728b)  -> (artifact id: '462903c8b2c1c17c35915237f631d59d') in 0.011804 seconds 
========================================================================
Received Import Request.
  Time since last request: 2.791739 seconds.
  path: Assets/Scripts/Menu/SoundMenu.cs
  artifactKey: Guid(078a797275fc29b4db7dde3287e9ab77) Importer(815301076,1909f56bfc062723c751e8b465ee728b)
Start importing Assets/Scripts/Menu/SoundMenu.cs using Guid(078a797275fc29b4db7dde3287e9ab77) Importer(815301076,1909f56bfc062723c751e8b465ee728b)  -> (artifact id: '79824eef3e0a66052dbc19595b815926') in 0.011114 seconds 
========================================================================
Received Import Request.
  Time since last request: 1.306267 seconds.
  path: Assets/Scripts/Menu/UIEvents.cs
  artifactKey: Guid(4eaddee8d0e567a4d9d41125ce270acc) Importer(815301076,1909f56bfc062723c751e8b465ee728b)
Start importing Assets/Scripts/Menu/UIEvents.cs using Guid(4eaddee8d0e567a4d9d41125ce270acc) Importer(815301076,1909f56bfc062723c751e8b465ee728b)  -> (artifact id: '63776a6fd2e014f55699a85efe171ca7') in 0.009527 seconds 
========================================================================
Received Import Request.
  Time since last request: 1.407161 seconds.
  path: Assets/Scripts/Menu/WinViewer.cs
  artifactKey: Guid(0c75d73628004ec44a7987494db9f65b) Importer(815301076,1909f56bfc062723c751e8b465ee728b)
Start importing Assets/Scripts/Menu/WinViewer.cs using Guid(0c75d73628004ec44a7987494db9f65b) Importer(815301076,1909f56bfc062723c751e8b465ee728b)  -> (artifact id: 'ad379f329f3a3d149a1ee89841c6e35a') in 0.007293 seconds 
========================================================================
Received Import Request.
  Time since last request: 1.932539 seconds.
  path: Assets/Scripts/Menu/MainMenu
  artifactKey: Guid(c91f7867b5e019f4bb66857f0c6ec3b8) Importer(815301076,1909f56bfc062723c751e8b465ee728b)
Start importing Assets/Scripts/Menu/MainMenu using Guid(c91f7867b5e019f4bb66857f0c6ec3b8) Importer(815301076,1909f56bfc062723c751e8b465ee728b)  -> (artifact id: 'cc017f0b8ef6ecdfb7390ff743f89639') in 0.008521 seconds 
========================================================================
Received Import Request.
  Time since last request: 0.735607 seconds.
  path: Assets/Scripts/Menu/MainMenu/AsteroidSpawn.cs
  artifactKey: Guid(987e101c875c26c44becf1f0060f975e) Importer(815301076,1909f56bfc062723c751e8b465ee728b)
Start importing Assets/Scripts/Menu/MainMenu/AsteroidSpawn.cs using Guid(987e101c875c26c44becf1f0060f975e) Importer(815301076,1909f56bfc062723c751e8b465ee728b)  -> (artifact id: '69097a29d8112b034673a5034cbbc191') in 0.010380 seconds 
========================================================================
Received Import Request.
  Time since last request: 1.253691 seconds.
  path: Assets/Scripts/Menu/MainMenu/AsteroidObject.cs
  artifactKey: Guid(72081fa5e3639674dac00a98a5d04188) Importer(815301076,1909f56bfc062723c751e8b465ee728b)
Start importing Assets/Scripts/Menu/MainMenu/AsteroidObject.cs using Guid(72081fa5e3639674dac00a98a5d04188) Importer(815301076,1909f56bfc062723c751e8b465ee728b)  -> (artifact id: 'b0df200d6b51f68875478fce93ee12b3') in 0.010009 seconds 
========================================================================
Received Import Request.
  Time since last request: 5.418775 seconds.
  path: Assets/Scripts/Objects
  artifactKey: Guid(5f29de53c5db2cb4391ab0baaa84dc2b) Importer(815301076,1909f56bfc062723c751e8b465ee728b)
Start importing Assets/Scripts/Objects using Guid(5f29de53c5db2cb4391ab0baaa84dc2b) Importer(815301076,1909f56bfc062723c751e8b465ee728b)  -> (artifact id: '1f6c44e02f82029600084a16294e9d0b') in 0.009132 seconds 
========================================================================
Received Import Request.
  Time since last request: 0.827292 seconds.
  path: Assets/Scripts/Objects/OpenClouse.cs
  artifactKey: Guid(dfe8a475f5865714db1a80d16ffa61ee) Importer(815301076,1909f56bfc062723c751e8b465ee728b)
Start importing Assets/Scripts/Objects/OpenClouse.cs using Guid(dfe8a475f5865714db1a80d16ffa61ee) Importer(815301076,1909f56bfc062723c751e8b465ee728b)  -> (artifact id: '6af81f5ece22f6993b8c7bfb3fac944c') in 0.008919 seconds 
========================================================================
Received Import Request.
  Time since last request: 6.848555 seconds.
  path: Assets/Scripts/Shop
  artifactKey: Guid(dc9e3b30bf6ef204e9ff8cd64a778917) Importer(815301076,1909f56bfc062723c751e8b465ee728b)
Start importing Assets/Scripts/Shop using Guid(dc9e3b30bf6ef204e9ff8cd64a778917) Importer(815301076,1909f56bfc062723c751e8b465ee728b)  -> (artifact id: 'ab1f7274f33eba1ea43498f0c6975425') in 0.009650 seconds 
========================================================================
Received Import Request.
  Time since last request: 0.733089 seconds.
  path: Assets/Scripts/Shop/Money.cs
  artifactKey: Guid(c246b7d77d1d83b4fa35f75277e63987) Importer(815301076,1909f56bfc062723c751e8b465ee728b)
Start importing Assets/Scripts/Shop/Money.cs using Guid(c246b7d77d1d83b4fa35f75277e63987) Importer(815301076,1909f56bfc062723c751e8b465ee728b)  -> (artifact id: '4fdefc977c5185f0dd7ac99866d6d057') in 0.008888 seconds 
========================================================================
Received Import Request.
  Time since last request: 3.177515 seconds.
  path: Assets/Scripts/Shop/MoneyView.cs
  artifactKey: Guid(003f2c3c214916346a9ed41a8e276117) Importer(815301076,1909f56bfc062723c751e8b465ee728b)
Start importing Assets/Scripts/Shop/MoneyView.cs using Guid(003f2c3c214916346a9ed41a8e276117) Importer(815301076,1909f56bfc062723c751e8b465ee728b)  -> (artifact id: '468307ab3bc318579dc982c77bc9eeac') in 0.009019 seconds 
========================================================================
Received Import Request.
  Time since last request: 1.842053 seconds.
  path: Assets/Scripts/Shop/RocketList.cs
  artifactKey: Guid(90248948f028fba488c80abd59d3acc5) Importer(815301076,1909f56bfc062723c751e8b465ee728b)
Start importing Assets/Scripts/Shop/RocketList.cs using Guid(90248948f028fba488c80abd59d3acc5) Importer(815301076,1909f56bfc062723c751e8b465ee728b)  -> (artifact id: '00f9ffe094c6274e3068af8ecc2e62a0') in 0.010393 seconds 
========================================================================
Received Import Request.
  Time since last request: 3.033729 seconds.
  path: Assets/Scripts/Shop/RocketModel.cs
  artifactKey: Guid(c9cb748e76071c444be6792a297cbf82) Importer(815301076,1909f56bfc062723c751e8b465ee728b)
Start importing Assets/Scripts/Shop/RocketModel.cs using Guid(c9cb748e76071c444be6792a297cbf82) Importer(815301076,1909f56bfc062723c751e8b465ee728b)  -> (artifact id: '07b7800bfd2af2e70ede8128464a723b') in 0.012538 seconds 
========================================================================
Received Import Request.
  Time since last request: 1.189291 seconds.
  path: Assets/Scripts/Shop/ShopCard.cs
  artifactKey: Guid(0fa7a65c7cae86c45967156234f7c29c) Importer(815301076,1909f56bfc062723c751e8b465ee728b)
Start importing Assets/Scripts/Shop/ShopCard.cs using Guid(0fa7a65c7cae86c45967156234f7c29c) Importer(815301076,1909f56bfc062723c751e8b465ee728b)  -> (artifact id: '16317f23e4c959b48998831aeb779a5c') in 0.007969 seconds 
========================================================================
Received Import Request.
  Time since last request: 2.969659 seconds.
  path: Assets/Scripts/Utility
  artifactKey: Guid(a944c263156daaa43992aa7ce6c16274) Importer(815301076,1909f56bfc062723c751e8b465ee728b)
Start importing Assets/Scripts/Utility using Guid(a944c263156daaa43992aa7ce6c16274) Importer(815301076,1909f56bfc062723c751e8b465ee728b)  -> (artifact id: '6b00417a48aba5093d81951c8af10697') in 0.009060 seconds 
========================================================================
Received Import Request.
  Time since last request: 0.821523 seconds.
  path: Assets/Scripts/Utility/AutoDie.cs
  artifactKey: Guid(cd26af6f849209b40983ec853ef2743b) Importer(815301076,1909f56bfc062723c751e8b465ee728b)
Start importing Assets/Scripts/Utility/AutoDie.cs using Guid(cd26af6f849209b40983ec853ef2743b) Importer(815301076,1909f56bfc062723c751e8b465ee728b)  -> (artifact id: 'c1518c943c78fdd6dd53dd303af35938') in 0.010021 seconds 
========================================================================
Received Import Request.
  Time since last request: 0.817751 seconds.
  path: Assets/Scripts/Utility/Barrel.cs
  artifactKey: Guid(2a5f0801384df244e8c07dbd9fb16b5b) Importer(815301076,1909f56bfc062723c751e8b465ee728b)
Start importing Assets/Scripts/Utility/Barrel.cs using Guid(2a5f0801384df244e8c07dbd9fb16b5b) Importer(815301076,1909f56bfc062723c751e8b465ee728b)  -> (artifact id: '20a748de1b8979c9da008984a03b4a6b') in 0.009538 seconds 
========================================================================
Received Import Request.
  Time since last request: 6.186911 seconds.
  path: Assets/Scripts/Utility/Creator.cs
  artifactKey: Guid(4f6f4810ef82f1c4b89edea15eb0f34d) Importer(815301076,1909f56bfc062723c751e8b465ee728b)
Start importing Assets/Scripts/Utility/Creator.cs using Guid(4f6f4810ef82f1c4b89edea15eb0f34d) Importer(815301076,1909f56bfc062723c751e8b465ee728b)  -> (artifact id: 'd4c914a568f02064fb07242a6e05bfcc') in 0.008704 seconds 
========================================================================
Received Import Request.
  Time since last request: 4.167309 seconds.
  path: Assets/Scripts/Utility/EcsStartup.cs
  artifactKey: Guid(687fe476c03d44784bb0f0adf1ce2919) Importer(815301076,1909f56bfc062723c751e8b465ee728b)
Start importing Assets/Scripts/Utility/EcsStartup.cs using Guid(687fe476c03d44784bb0f0adf1ce2919) Importer(815301076,1909f56bfc062723c751e8b465ee728b)  -> (artifact id: '6f369eab2d72c316a7f5da10033fad6e') in 0.008217 seconds 
========================================================================
Received Import Request.
  Time since last request: 33.760894 seconds.
  path: Assets/Scripts/Utility/EcsStartup.cs
  artifactKey: Guid(687fe476c03d44784bb0f0adf1ce2919) Importer(815301076,1909f56bfc062723c751e8b465ee728b)
Start importing Assets/Scripts/Utility/EcsStartup.cs using Guid(687fe476c03d44784bb0f0adf1ce2919) Importer(815301076,1909f56bfc062723c751e8b465ee728b)  -> (artifact id: 'a0d528ff490e7d0ff8e7fa6f4a2ed131') in 0.003483 seconds 
========================================================================
Received Prepare
Registering precompiled user dll's ...
Registered in 0.003869 seconds.
Begin MonoManager ReloadAssembly
Native extension for WindowsStandalone target not found
Refreshing native plugins compatible for Editor in 1.28 ms, found 3 plugins.
Preloading 0 native plugins for Editor in 0.00 ms.
Mono: successfully reloaded assembly
- Completed reload, in  1.228 seconds
Domain Reload Profiling:
	ReloadAssembly (1229ms)
		BeginReloadAssembly (145ms)
			ExecutionOrderSort (0ms)
			DisableScriptedObjects (9ms)
			BackupInstance (0ms)
			ReleaseScriptingObjects (0ms)
			CreateAndSetChildDomain (52ms)
		EndReloadAssembly (1013ms)
			LoadAssemblies (119ms)
			RebuildTransferFunctionScriptingTraits (0ms)
			SetupTypeCache (360ms)
			ReleaseScriptCaches (2ms)
			RebuildScriptCaches (55ms)
			SetupLoadedEditorAssemblies (375ms)
				LogAssemblyErrors (0ms)
				InitializePlatformSupportModulesInManaged (6ms)
				SetLoadedEditorAssemblies (1ms)
				RefreshPlugins (1ms)
				BeforeProcessingInitializeOnLoad (114ms)
				ProcessInitializeOnLoadAttributes (237ms)
				ProcessInitializeOnLoadMethodAttributes (13ms)
				AfterProcessingInitializeOnLoad (2ms)
				EditorAssembliesLoaded (0ms)
			ExecutionOrderSort2 (0ms)
			AwakeInstancesAfterBackupRestoration (11ms)
Platform modules already initialized, skipping
Refreshing native plugins compatible for Editor in 0.68 ms, found 3 plugins.
Preloading 0 native plugins for Editor in 0.00 ms.
Unloading 2308 Unused Serialized files (Serialized files now loaded: 0)
System memory in use before: 99.7 MB.
System memory in use after: 99.9 MB.

Unloading 14 unused Assets to reduce memory usage. Loaded Objects now: 2765.
Total: 4.102100 ms (FindLiveObjects: 0.246000 ms CreateObjectMapping: 0.089300 ms MarkObjects: 3.727100 ms  DeleteObjects: 0.038500 ms)

AssetImportParameters requested are different than current active one (requested -> active):
  custom:framework-win-MediaFoundation: 216162199b28c13a410421893ffa2e32 -> 
  custom:video-decoder-ogg-theora: a1e56fd34408186e4bbccfd4996cb3dc -> 
  custom:container-muxer-webm: aa71ff27fc2769a1b78a27578f13a17b -> 
  custom:container-demuxer-webm: 4f35f7cbe854078d1ac9338744f61a02 -> 
  custom:container-demuxer-ogg: 62fdf1f143b41e24485cea50d1cbac27 -> 
  custom:video-encoder-webm-vp8: eb34c28f22e8b96e1ab97ce403110664 -> 
  custom:video-decoder-webm-vp8: 9c59270c3fd7afecdb556c50c9e8de78 -> 
  custom:audio-decoder-ogg-vorbis: bf7c407c2cedff20999df2af8eb42d56 -> 
  custom:audio-encoder-webm-vorbis: bf7c407c2cedff20999df2af8eb42d56 -> 
========================================================================
Received Import Request.
  Time since last request: 6.957982 seconds.
  path: Assets/Scripts/Utility/FinishSlider.cs
  artifactKey: Guid(7a4ed2e5385e0654e8d850cb8f2214d5) Importer(815301076,1909f56bfc062723c751e8b465ee728b)
Start importing Assets/Scripts/Utility/FinishSlider.cs using Guid(7a4ed2e5385e0654e8d850cb8f2214d5) Importer(815301076,1909f56bfc062723c751e8b465ee728b)  -> (artifact id: '0278bcdb9a41ea50aea3934ca06a5cfe') in 0.012386 seconds 
========================================================================
Received Import Request.
  Time since last request: 1.050322 seconds.
  path: Assets/Scripts/Utility/MoveTop.cs
  artifactKey: Guid(1b916393214cf254babaadc8c7483e57) Importer(815301076,1909f56bfc062723c751e8b465ee728b)
Start importing Assets/Scripts/Utility/MoveTop.cs using Guid(1b916393214cf254babaadc8c7483e57) Importer(815301076,1909f56bfc062723c751e8b465ee728b)  -> (artifact id: '9ed0978678f7fbf2859f42ef0529d40d') in 0.009315 seconds 
========================================================================
Received Import Request.
  Time since last request: 1.242048 seconds.
  path: Assets/Scripts/Utility/Paralax.cs
  artifactKey: Guid(2ff7a9ad44344ef4cb3c42bf2134a5da) Importer(815301076,1909f56bfc062723c751e8b465ee728b)
Start importing Assets/Scripts/Utility/Paralax.cs using Guid(2ff7a9ad44344ef4cb3c42bf2134a5da) Importer(815301076,1909f56bfc062723c751e8b465ee728b)  -> (artifact id: 'f266f6be0e169c320d0faac7febe1dd2') in 0.009093 seconds 
========================================================================
Received Import Request.
  Time since last request: 1.945601 seconds.
  path: Assets/Scripts/Utility/Utility.cs
  artifactKey: Guid(8b2bef276dd785146948b9bf56632afc) Importer(815301076,1909f56bfc062723c751e8b465ee728b)
Start importing Assets/Scripts/Utility/Utility.cs using Guid(8b2bef276dd785146948b9bf56632afc) Importer(815301076,1909f56bfc062723c751e8b465ee728b)  -> (artifact id: '71249b573825b87e40df4fefe0bc5fab') in 0.002518 seconds 
========================================================================
Received Import Request.
  Time since last request: 1.720515 seconds.
  path: Assets/Scripts/Utility/Triggers
  artifactKey: Guid(610c9d65d5adc6e43b713cf067e9c2ff) Importer(815301076,1909f56bfc062723c751e8b465ee728b)
Start importing Assets/Scripts/Utility/Triggers using Guid(610c9d65d5adc6e43b713cf067e9c2ff) Importer(815301076,1909f56bfc062723c751e8b465ee728b)  -> (artifact id: '8f9bd952e6e49be3d57d997d09f14759') in 0.010073 seconds 
========================================================================
Received Import Request.
  Time since last request: 0.739507 seconds.
  path: Assets/Scripts/Utility/Triggers/BaseTrigger.cs
  artifactKey: Guid(2ae11e54401b7844199febf62083c03e) Importer(815301076,1909f56bfc062723c751e8b465ee728b)
Start importing Assets/Scripts/Utility/Triggers/BaseTrigger.cs using Guid(2ae11e54401b7844199febf62083c03e) Importer(815301076,1909f56bfc062723c751e8b465ee728b)  -> (artifact id: '75252c65c0626f1e16b9849d72e272f9') in 0.010105 seconds 
========================================================================
Received Import Request.
  Time since last request: 1.298388 seconds.
  path: Assets/Scripts/Utility/Triggers/DeathTrigger.cs
  artifactKey: Guid(9facd2163d055294685dbbda1777890f) Importer(815301076,1909f56bfc062723c751e8b465ee728b)
Start importing Assets/Scripts/Utility/Triggers/DeathTrigger.cs using Guid(9facd2163d055294685dbbda1777890f) Importer(815301076,1909f56bfc062723c751e8b465ee728b)  -> (artifact id: 'a58ccd9e2fe195d19779bb60b0f26c8d') in 0.009657 seconds 
========================================================================
Received Import Request.
  Time since last request: 1.054856 seconds.
  path: Assets/Scripts/Utility/Triggers/FinishTrigger.cs
  artifactKey: Guid(8a60c6199ecbce14989b71c0027ba091) Importer(815301076,1909f56bfc062723c751e8b465ee728b)
Start importing Assets/Scripts/Utility/Triggers/FinishTrigger.cs using Guid(8a60c6199ecbce14989b71c0027ba091) Importer(815301076,1909f56bfc062723c751e8b465ee728b)  -> (artifact id: '9ce8e3bb30451b58d393cf240e65da16') in 0.010614 seconds 
========================================================================
Received Import Request.
  Time since last request: 2.523036 seconds.
  path: Assets/Scripts/Utility/Triggers/HPTrigger.cs
  artifactKey: Guid(b496f0e2d1092974892d11868dfbe931) Importer(815301076,1909f56bfc062723c751e8b465ee728b)
Start importing Assets/Scripts/Utility/Triggers/HPTrigger.cs using Guid(b496f0e2d1092974892d11868dfbe931) Importer(815301076,1909f56bfc062723c751e8b465ee728b)  -> (artifact id: '1772f25589f98460907394dafeb9995a') in 0.010945 seconds 
========================================================================
Received Import Request.
  Time since last request: 1.352003 seconds.
  path: Assets/Scripts/Utility/Triggers/MoneyTrigger.cs
  artifactKey: Guid(11706dc929af6674598c2aa6e59b15fb) Importer(815301076,1909f56bfc062723c751e8b465ee728b)
Start importing Assets/Scripts/Utility/Triggers/MoneyTrigger.cs using Guid(11706dc929af6674598c2aa6e59b15fb) Importer(815301076,1909f56bfc062723c751e8b465ee728b)  -> (artifact id: '8e853bfb6e9e7ed856c2b56a28f19b7e') in 0.007989 seconds 
========================================================================
Received Import Request.
  Time since last request: 0.811403 seconds.
  path: Assets/Scripts/Utility/Triggers/StarTrigger.cs
  artifactKey: Guid(d41da08c7f5feda4699a988270472bad) Importer(815301076,1909f56bfc062723c751e8b465ee728b)
Start importing Assets/Scripts/Utility/Triggers/StarTrigger.cs using Guid(d41da08c7f5feda4699a988270472bad) Importer(815301076,1909f56bfc062723c751e8b465ee728b)  -> (artifact id: 'f078d8871c559077a8374276e5b33089') in 0.010260 seconds 
========================================================================
Received Prepare
Registering precompiled user dll's ...
Registered in 0.004232 seconds.
Begin MonoManager ReloadAssembly
Native extension for WindowsStandalone target not found
Refreshing native plugins compatible for Editor in 0.79 ms, found 3 plugins.
Preloading 0 native plugins for Editor in 0.00 ms.
Mono: successfully reloaded assembly
- Completed reload, in  1.114 seconds
Domain Reload Profiling:
	ReloadAssembly (1115ms)
		BeginReloadAssembly (133ms)
			ExecutionOrderSort (0ms)
			DisableScriptedObjects (7ms)
			BackupInstance (0ms)
			ReleaseScriptingObjects (0ms)
			CreateAndSetChildDomain (46ms)
		EndReloadAssembly (918ms)
			LoadAssemblies (111ms)
			RebuildTransferFunctionScriptingTraits (0ms)
			SetupTypeCache (311ms)
			ReleaseScriptCaches (3ms)
			RebuildScriptCaches (57ms)
			SetupLoadedEditorAssemblies (345ms)
				LogAssemblyErrors (0ms)
				InitializePlatformSupportModulesInManaged (5ms)
				SetLoadedEditorAssemblies (0ms)
				RefreshPlugins (1ms)
				BeforeProcessingInitializeOnLoad (105ms)
				ProcessInitializeOnLoadAttributes (221ms)
				ProcessInitializeOnLoadMethodAttributes (11ms)
				AfterProcessingInitializeOnLoad (2ms)
				EditorAssembliesLoaded (0ms)
			ExecutionOrderSort2 (0ms)
			AwakeInstancesAfterBackupRestoration (9ms)
Platform modules already initialized, skipping
Refreshing native plugins compatible for Editor in 0.79 ms, found 3 plugins.
Preloading 0 native plugins for Editor in 0.00 ms.
Unloading 2308 Unused Serialized files (Serialized files now loaded: 0)
System memory in use before: 99.8 MB.
System memory in use after: 100.0 MB.

Unloading 14 unused Assets to reduce memory usage. Loaded Objects now: 2767.
Total: 4.444700 ms (FindLiveObjects: 0.251100 ms CreateObjectMapping: 0.189400 ms MarkObjects: 3.925800 ms  DeleteObjects: 0.077300 ms)

AssetImportParameters requested are different than current active one (requested -> active):
  custom:framework-win-MediaFoundation: 216162199b28c13a410421893ffa2e32 -> 
  custom:video-decoder-ogg-theora: a1e56fd34408186e4bbccfd4996cb3dc -> 
  custom:container-muxer-webm: aa71ff27fc2769a1b78a27578f13a17b -> 
  custom:container-demuxer-webm: 4f35f7cbe854078d1ac9338744f61a02 -> 
  custom:container-demuxer-ogg: 62fdf1f143b41e24485cea50d1cbac27 -> 
  custom:video-encoder-webm-vp8: eb34c28f22e8b96e1ab97ce403110664 -> 
  custom:video-decoder-webm-vp8: 9c59270c3fd7afecdb556c50c9e8de78 -> 
  custom:audio-decoder-ogg-vorbis: bf7c407c2cedff20999df2af8eb42d56 -> 
  custom:audio-encoder-webm-vorbis: bf7c407c2cedff20999df2af8eb42d56 -> 
AssetImportWorkerClient::OnTransportError - code=2 error=End of file
